#
# A fatal error has been detected by the Java Runtime Environment:
#
#  SIGSEGV (0xb) at pc=0x00007ff817891c4f, pid=24670, tid=0x000000000001fd17
#
# JRE version: Java(TM) SE Runtime Environment (8.0_181-b13) (build 1.8.0_181-b13)
# Java VM: Java HotSpot(TM) 64-Bit Server VM (25.181-b13 mixed mode bsd-amd64 compressed oops)
# Problematic frame:
# C  [libobjc.A.dylib+0x8c4f]  objc_release+0x1f
#
# Failed to write core dump. Core dumps have been disabled. To enable core dumping, try "ulimit -c unlimited" before starting Java again
#
# If you would like to submit a bug report, please visit:
#   http://bugreport.java.com/bugreport/crash.jsp
# The crash happened outside the Java Virtual Machine in native code.
# See problematic frame for where to report the bug.
#

---------------  T H R E A D  ---------------

Current thread (0x00007fd591182800):  JavaThread "LWJGL Application" [_thread_in_native, id=130327, stack(0x000070000d060000,0x000070000d160000)]

siginfo: si_signo: 11 (SIGSEGV), si_code: 1 (SEGV_MAPERR), si_addr: 0x000019dc1ecec590

Registers:
RAX=0x000099dc1ecec570, RBX=0x0000000000000001, RCX=0x000019dc1ecec570, RDX=0x0000000000000008
RSP=0x000070000d15f368, RBP=0x000070000d15f3a0, RSI=0x00007ff8321920b4, RDI=0x00006000022dc570
R8 =0x0000000000000020, R9 =0x00007fd591928930, R10=0x0000600001e96c70, R11=0x00007ff81a4bb6fb
R12=0x00006000022dc570, R13=0xa3a3a3a3a3a3a3a3, R14=0x00007fd592950070, R15=0x00007fd592950000
RIP=0x00007ff817891c4f, EFLAGS=0x0000000000010202, ERR=0x0000000000000004
  TRAPNO=0x000000000000000e

Top of Stack: (sp=0x000070000d15f368)
0x000070000d15f368:   00007ff81789619f 992b4a145d770000
0x000070000d15f378:   00007fd592950000 00006000022a44b0
0x000070000d15f388:   000000011507e228 00007ff8321920b4
0x000070000d15f398:   00006000022a44b0 000070000d15f3c0
0x000070000d15f3a8:   00007ff817893160 992b4a145d7700fb
0x000070000d15f3b8:   00007fd592950070 000070000d15f3e0
0x000070000d15f3c8:   00007ff817a8402c 992b4a145d7700fb
0x000070000d15f3d8:   00006000008818c0 000070000d15f420
0x000070000d15f3e8:   00007ff8188e664d 00007ff857900410
0x000070000d15f3f8:   0000000000000000 992b4a145d7700fb
0x000070000d15f408:   00006000008818c0 00006000022ae730
0x000070000d15f418:   00007fd5911829f8 000070000d15f450
0x000070000d15f428:   000000012a0c7cce 000000011507e230
0x000070000d15f438:   0000000000000000 000070000d15f4e0
0x000070000d15f448:   00007fd591182800 000070000d15f4b8
0x000070000d15f458:   0000000119c9b667 000070000d15f4b8
0x000070000d15f468:   0000000119c9b3c7 0000000119c9b382
0x000070000d15f478:   000070000d15f478 000000011507e228
0x000070000d15f488:   000070000d15f4e0 000000011507e790
0x000070000d15f498:   0000000000000000 000000011507e230
0x000070000d15f4a8:   0000000000000000 000070000d15f4d8
0x000070000d15f4b8:   000070000d15f528 0000000119c8b2bd
0x000070000d15f4c8:   000000079657d140 0000000119c94d18
0x000070000d15f4d8:   0000000796594b60 00000007964f1a60
0x000070000d15f4e8:   000070000d15f4e8 000000011507e12f
0x000070000d15f4f8:   000070000d15f558 000000011507e790
0x000070000d15f508:   0000000000000000 000000011507e1a0
0x000070000d15f518:   000070000d15f4d8 000070000d15f548
0x000070000d15f528:   000070000d15f5b0 0000000119c8b302
0x000070000d15f538:   0000000000000000 00000007964f1a60
0x000070000d15f548:   0000000796594b60 00000007964f19a8
0x000070000d15f558:   000000079657d1d0 0000000000000001 

Instructions: (pc=0x00007ff817891c4f)
0x00007ff817891c2f:   90 48 85 ff 74 76 89 f8 83 e0 01 48 85 c0 75 6c
0x00007ff817891c3f:   48 8b 07 48 b9 f8 ff ff ff ff 7f 00 00 48 21 c1
0x00007ff817891c4f:   48 8b 51 20 f6 c2 04 74 54 a8 01 74 6f 48 b9 00
0x00007ff817891c5f:   00 00 00 00 00 80 00 48 ba 00 00 00 00 00 00 00 

Register to memory mapping:

RAX=0x000099dc1ecec570 is an unknown value
RBX=0x0000000000000001 is an unknown value
RCX=0x000019dc1ecec570 is an unknown value
RDX=0x0000000000000008 is an unknown value
RSP=0x000070000d15f368 is pointing into the stack for thread: 0x00007fd591182800
RBP=0x000070000d15f3a0 is pointing into the stack for thread: 0x00007fd591182800
RSI=0x00007ff8321920b4: <offset 0x1a9090b4> in /usr/lib/libobjc.A.dylib at 0x00007ff817889000
RDI=0x00006000022dc570 is an unknown value
R8 =0x0000000000000020 is an unknown value
R9 =0x00007fd591928930 is an unknown value
R10=0x0000600001e96c70 is an unknown value
R11=0x00007ff81a4bb6fb: -[NSResponder release]+0 in /System/Library/Frameworks/AppKit.framework/Versions/C/AppKit at 0x00007ff81a4b0000
R12=0x00006000022dc570 is an unknown value
R13=0xa3a3a3a3a3a3a3a3 is an unknown value
R14=0x00007fd592950070 is an unknown value
R15=0x00007fd592950000 is an unknown value


Stack: [0x000070000d060000,0x000070000d160000],  sp=0x000070000d15f368,  free space=1020k
Native frames: (J=compiled Java code, j=interpreted, Vv=VM code, C=native code)
C  [libobjc.A.dylib+0x8c4f]  objc_release+0x1f
C  [libobjc.A.dylib+0xa160]  objc_autoreleasePoolPop+0xa1
C  [CoreFoundation+0x4202c]  _CFAutoreleasePoolPop+0x16
C  [Foundation+0x1e64d]  -[NSAutoreleasePool release]+0x85
C  [liblwjgl.dylib+0x16cce]  Java_org_lwjgl_opengl_MacOSXContextImplementation_setView+0x10e
j  org.lwjgl.opengl.MacOSXContextImplementation.setView(Ljava/nio/ByteBuffer;Ljava/nio/ByteBuffer;)V+0
j  org.lwjgl.opengl.MacOSXContextImplementation.makeCurrent(Lorg/lwjgl/opengl/PeerInfo;Ljava/nio/ByteBuffer;)V+7
j  org.lwjgl.opengl.ContextGL.makeCurrent()V+46
j  org.lwjgl.opengl.DrawableGL.makeCurrent()V+14
j  org.lwjgl.opengl.Display.makeCurrent()V+3
j  org.lwjgl.opengl.Display.makeCurrentAndSetSwapInterval()V+0
j  org.lwjgl.opengl.Display.create(Lorg/lwjgl/opengl/PixelFormat;Lorg/lwjgl/opengl/Drawable;Lorg/lwjgl/opengl/ContextAttribs;)V+108
j  org.lwjgl.opengl.Display.create(Lorg/lwjgl/opengl/PixelFormat;)V+12
j  com.badlogic.gdx.backends.lwjgl.LwjglGraphics.createDisplayPixelFormat(ZII)V+243
j  com.badlogic.gdx.backends.lwjgl.LwjglGraphics.setupDisplay()V+594
j  com.badlogic.gdx.backends.lwjgl.LwjglApplication.mainLoop()V+9
j  com.badlogic.gdx.backends.lwjgl.LwjglApplication$1.run()V+27
v  ~StubRoutines::call_stub
V  [libjvm.dylib+0x2efcba]
V  [libjvm.dylib+0x2f045e]
V  [libjvm.dylib+0x2f060a]
V  [libjvm.dylib+0x34aef9]
V  [libjvm.dylib+0x56fa7f]
V  [libjvm.dylib+0x57117a]
V  [libjvm.dylib+0x48e342]
C  [libsystem_pthread.dylib+0x64f4]  _pthread_start+0x7d
C  [libsystem_pthread.dylib+0x200f]  thread_start+0xf
C  0x0000000000000000

Java frames: (J=compiled Java code, j=interpreted, Vv=VM code)
j  org.lwjgl.opengl.MacOSXContextImplementation.setView(Ljava/nio/ByteBuffer;Ljava/nio/ByteBuffer;)V+0
j  org.lwjgl.opengl.MacOSXContextImplementation.makeCurrent(Lorg/lwjgl/opengl/PeerInfo;Ljava/nio/ByteBuffer;)V+7
j  org.lwjgl.opengl.ContextGL.makeCurrent()V+46
j  org.lwjgl.opengl.DrawableGL.makeCurrent()V+14
j  org.lwjgl.opengl.Display.makeCurrent()V+3
j  org.lwjgl.opengl.Display.makeCurrentAndSetSwapInterval()V+0
j  org.lwjgl.opengl.Display.create(Lorg/lwjgl/opengl/PixelFormat;Lorg/lwjgl/opengl/Drawable;Lorg/lwjgl/opengl/ContextAttribs;)V+108
j  org.lwjgl.opengl.Display.create(Lorg/lwjgl/opengl/PixelFormat;)V+12
j  com.badlogic.gdx.backends.lwjgl.LwjglGraphics.createDisplayPixelFormat(ZII)V+243
j  com.badlogic.gdx.backends.lwjgl.LwjglGraphics.setupDisplay()V+594
j  com.badlogic.gdx.backends.lwjgl.LwjglApplication.mainLoop()V+9
j  com.badlogic.gdx.backends.lwjgl.LwjglApplication$1.run()V+27
v  ~StubRoutines::call_stub

---------------  P R O C E S S  ---------------

Java Threads: ( => current thread )
  0x00007fd591167000 JavaThread "DestroyJavaVM" [_thread_blocked, id=3587, stack(0x000070000bb15000,0x000070000bc15000)]
=>0x00007fd591182800 JavaThread "LWJGL Application" [_thread_in_native, id=130327, stack(0x000070000d060000,0x000070000d160000)]
  0x00007fd59215f000 JavaThread "Attach Listener" daemon [_thread_blocked, id=83991, stack(0x000070000ce57000,0x000070000cf57000)]
  0x00007fd5928f1800 JavaThread "AWT-Shutdown" [_thread_blocked, id=38939, stack(0x000070000cbcb000,0x000070000cccb000)]
  0x00007fd5928ed800 JavaThread "AppKit Thread" daemon [_thread_in_native, id=259, stack(0x00007ff7b0cf2000,0x00007ff7b14f2000)]
  0x00007fd591093800 JavaThread "Service Thread" daemon [_thread_blocked, id=16643, stack(0x000070000c942000,0x000070000ca42000)]
  0x00007fd591092800 JavaThread "C1 CompilerThread2" daemon [_thread_blocked, id=17155, stack(0x000070000c83f000,0x000070000c93f000)]
  0x00007fd59204b000 JavaThread "C2 CompilerThread1" daemon [_thread_blocked, id=12803, stack(0x000070000c73c000,0x000070000c83c000)]
  0x00007fd592869800 JavaThread "C2 CompilerThread0" daemon [_thread_blocked, id=17667, stack(0x000070000c639000,0x000070000c739000)]
  0x00007fd5908dd000 JavaThread "Monitor Ctrl-Break" daemon [_thread_in_native, id=18179, stack(0x000070000c536000,0x000070000c636000)]
  0x00007fd591025800 JavaThread "Signal Dispatcher" daemon [_thread_blocked, id=18691, stack(0x000070000c433000,0x000070000c533000)]
  0x00007fd591022000 JavaThread "Finalizer" daemon [_thread_blocked, id=11779, stack(0x000070000c22a000,0x000070000c32a000)]
  0x00007fd59083b000 JavaThread "Reference Handler" daemon [_thread_blocked, id=11267, stack(0x000070000c127000,0x000070000c227000)]

Other Threads:
  0x00007fd592018800 VMThread [stack: 0x000070000c024000,0x000070000c124000] [id=11011]
  0x00007fd592021000 WatcherThread [stack: 0x000070000ca45000,0x000070000cb45000] [id=16387]

VM state:not at safepoint (normal execution)

VM Mutex/Monitor currently owned by a thread: None

Heap:
 PSYoungGen      total 38400K, used 16804K [0x0000000795580000, 0x0000000798000000, 0x00000007c0000000)
  eden space 33280K, 50% used [0x0000000795580000,0x00000007965e9008,0x0000000797600000)
  from space 5120K, 0% used [0x0000000797b00000,0x0000000797b00000,0x0000000798000000)
  to   space 5120K, 0% used [0x0000000797600000,0x0000000797600000,0x0000000797b00000)
 ParOldGen       total 87552K, used 0K [0x0000000740000000, 0x0000000745580000, 0x0000000795580000)
  object space 87552K, 0% used [0x0000000740000000,0x0000000740000000,0x0000000745580000)
 Metaspace       used 6938K, capacity 7074K, committed 7296K, reserved 1056768K
  class space    used 760K, capacity 825K, committed 896K, reserved 1048576K

Card table byte_map: [0x000000010eff4000,0x000000010f3f5000] byte_map_base: 0x000000010b5f4000

Marking Bits: (ParMarkBitMap*) 0x00000001103c1cd0
 Begin Bits: [0x0000000110a7c000, 0x0000000112a7c000)
 End Bits:   [0x0000000112a7c000, 0x0000000114a7c000)

Polling page: 0x000000010eb4a000

CodeCache: size=245760Kb used=2166Kb max_used=2169Kb free=243593Kb
 bounds [0x0000000119c83000, 0x0000000119ef3000, 0x0000000128c83000]
 total_blobs=763 nmethods=443 adapters=234
 compilation: enabled

Compilation events (10 events):
Event: 1.568 Thread 0x00007fd591092800  438       3       java.util.zip.ZipFile$ZipFileInflaterInputStream::fill (80 bytes)
Event: 1.569 Thread 0x00007fd591092800 nmethod 438 0x0000000119ea0f50 code [0x0000000119ea1100, 0x0000000119ea14c8]
Event: 1.577 Thread 0x00007fd591092800  440       1       java.nio.Buffer::position (5 bytes)
Event: 1.577 Thread 0x00007fd591092800 nmethod 440 0x0000000119ea0450 code [0x0000000119ea05a0, 0x0000000119ea06b0]
Event: 1.584 Thread 0x00007fd591092800  441       3       java.util.Vector::ensureCapacityHelper (16 bytes)
Event: 1.586 Thread 0x00007fd591092800 nmethod 441 0x0000000119ea0050 code [0x0000000119ea01c0, 0x0000000119ea03a8]
Event: 1.597 Thread 0x00007fd591092800  442       3       java.lang.Integer::valueOf (32 bytes)
Event: 1.597 Thread 0x00007fd591092800 nmethod 442 0x0000000119e9f5d0 code [0x0000000119e9f760, 0x0000000119e9fab0]
Event: 1.597 Thread 0x00007fd591092800  443       3       java.nio.Buffer::remaining (10 bytes)
Event: 1.597 Thread 0x00007fd591092800 nmethod 443 0x0000000119e9f2d0 code [0x0000000119e9f420, 0x0000000119e9f570]

GC Heap History (0 events):
No events

Deoptimization events (2 events):
Event: 0.512 Thread 0x00007fd592009000 Uncommon trap: reason=unstable_if action=reinterpret pc=0x0000000119de3694 method=java.lang.String.indexOf([CII[CIII)I @ 134
Event: 0.513 Thread 0x00007fd592009000 Uncommon trap: reason=unstable_if action=reinterpret pc=0x0000000119dd6b7c method=java.lang.String.indexOf([CII[CIII)I @ 123

Classes redefined (0 events):
No events

Internal exceptions (10 events):
Event: 0.690 Thread 0x00007fd592009000 Exception <a 'java/lang/NoSuchFieldError': method resolution failed> (0x0000000795d35aa0) thrown at [/Users/java_re/workspace/8-2-build-macosx-x86_64/jdk8u181/11358/hotspot/src/share/vm/prims/methodHandles.cpp, line 1167]
Event: 0.692 Thread 0x00007fd592009000 Exception <a 'java/lang/NoSuchFieldError': method resolution failed> (0x0000000795d43a60) thrown at [/Users/java_re/workspace/8-2-build-macosx-x86_64/jdk8u181/11358/hotspot/src/share/vm/prims/methodHandles.cpp, line 1167]
Event: 1.105 Thread 0x00007fd592009000 Exception <a 'java/io/FileNotFoundException'> (0x0000000795de65a0) thrown at [/Users/java_re/workspace/8-2-build-macosx-x86_64/jdk8u181/11358/hotspot/src/share/vm/prims/jni.cpp, line 709]
Event: 1.105 Thread 0x00007fd592009000 Exception <a 'java/io/FileNotFoundException'> (0x0000000795de7108) thrown at [/Users/java_re/workspace/8-2-build-macosx-x86_64/jdk8u181/11358/hotspot/src/share/vm/prims/jni.cpp, line 709]
Event: 1.146 Thread 0x00007fd592009000 Exception <a 'java/security/PrivilegedActionException'> (0x0000000795ee46d0) thrown at [/Users/java_re/workspace/8-2-build-macosx-x86_64/jdk8u181/11358/hotspot/src/share/vm/prims/jvm.cpp, line 1435]
Event: 1.147 Thread 0x00007fd592009000 Exception <a 'java/security/PrivilegedActionException'> (0x0000000795ee62b8) thrown at [/Users/java_re/workspace/8-2-build-macosx-x86_64/jdk8u181/11358/hotspot/src/share/vm/prims/jvm.cpp, line 1435]
Event: 1.147 Thread 0x00007fd592009000 Exception <a 'java/security/PrivilegedActionException'> (0x0000000795ee73d8) thrown at [/Users/java_re/workspace/8-2-build-macosx-x86_64/jdk8u181/11358/hotspot/src/share/vm/prims/jvm.cpp, line 1435]
Event: 1.147 Thread 0x00007fd592009000 Exception <a 'java/security/PrivilegedActionException'> (0x0000000795eec8d0) thrown at [/Users/java_re/workspace/8-2-build-macosx-x86_64/jdk8u181/11358/hotspot/src/share/vm/prims/jvm.cpp, line 1435]
Event: 1.147 Thread 0x00007fd592009000 Exception <a 'java/security/PrivilegedActionException'> (0x0000000795eed528) thrown at [/Users/java_re/workspace/8-2-build-macosx-x86_64/jdk8u181/11358/hotspot/src/share/vm/prims/jvm.cpp, line 1435]
Event: 1.147 Thread 0x00007fd592009000 Exception <a 'java/security/PrivilegedActionException'> (0x0000000795eee150) thrown at [/Users/java_re/workspace/8-2-build-macosx-x86_64/jdk8u181/11358/hotspot/src/share/vm/prims/jvm.cpp, line 1435]

Events (10 events):
Event: 1.598 loading class org/lwjgl/opengl/ContextImplementation
Event: 1.598 loading class org/lwjgl/opengl/ContextImplementation done
Event: 1.599 loading class org/lwjgl/opengl/MacOSXContextImplementation
Event: 1.599 loading class org/lwjgl/opengl/MacOSXContextImplementation done
Event: 1.600 loading class org/lwjgl/opengl/GLContext
Event: 1.600 loading class org/lwjgl/opengl/GLContext done
Event: 1.601 loading class java/lang/NumberFormatException
Event: 1.601 loading class java/lang/NumberFormatException done
Event: 1.601 loading class org/lwjgl/opengl/GLContext$CapabilitiesCacheEntry
Event: 1.601 loading class org/lwjgl/opengl/GLContext$CapabilitiesCacheEntry done


Dynamic libraries:
0x00007ff82e63d000 	/System/Library/Frameworks/Cocoa.framework/Versions/A/Cocoa
0x00007ff81a4b0000 	/System/Library/Frameworks/AppKit.framework/Versions/C/AppKit
0x00007ff81d9ac000 	/System/Library/Frameworks/CoreData.framework/Versions/A/CoreData
0x00007ff8188c8000 	/System/Library/Frameworks/Foundation.framework/Versions/C/Foundation
0x00007ff822774000 	/usr/lib/libSystem.B.dylib
0x00007ff81b342000 	/System/Library/PrivateFrameworks/UIFoundation.framework/Versions/A/UIFoundation
0x00007ff8285ea000 	/System/Library/PrivateFrameworks/RemoteViewServices.framework/Versions/A/RemoteViewServices
0x00007ff8209d6000 	/System/Library/PrivateFrameworks/XCTTargetBootstrap.framework/Versions/A/XCTTargetBootstrap
0x00007ff824584000 	/System/Library/PrivateFrameworks/InternationalSupport.framework/Versions/A/InternationalSupport
0x00007ff82460e000 	/System/Library/PrivateFrameworks/UserActivity.framework/Versions/A/UserActivity
0x00007ff823964000 	/usr/lib/libspindump.dylib
0x00007ff81b5d0000 	/System/Library/Frameworks/UniformTypeIdentifiers.framework/Versions/A/UniformTypeIdentifiers
0x00007ff81f10f000 	/usr/lib/libapp_launch_measurement.dylib
0x00007ff81e378000 	/System/Library/PrivateFrameworks/CoreAnalytics.framework/Versions/A/CoreAnalytics
0x00007ff81f112000 	/System/Library/PrivateFrameworks/CoreAutoLayout.framework/Versions/A/CoreAutoLayout
0x00007ff820332000 	/System/Library/Frameworks/Metal.framework/Versions/A/Metal
0x00007ff82104c000 	/usr/lib/liblangid.dylib
0x00007ff8209da000 	/System/Library/PrivateFrameworks/CoreSVG.framework/Versions/A/CoreSVG
0x00007ff81c997000 	/System/Library/PrivateFrameworks/SkyLight.framework/Versions/A/SkyLight
0x00007ff81cd2d000 	/System/Library/Frameworks/CoreGraphics.framework/Versions/A/CoreGraphics
0x00007ff828c59000 	/System/Library/Frameworks/Accelerate.framework/Versions/A/Accelerate
0x00007ff8233df000 	/System/Library/PrivateFrameworks/IconServices.framework/Versions/A/IconServices
0x00007ff820317000 	/System/Library/Frameworks/IOSurface.framework/Versions/A/IOSurface
0x00007ff81e3a6000 	/usr/lib/libDiagnosticMessagesClient.dylib
0x00007ff822694000 	/usr/lib/libz.1.dylib
0x00007ff82c2ca000 	/System/Library/Frameworks/ApplicationServices.framework/Versions/A/ApplicationServices
0x00007ff8209c2000 	/System/Library/PrivateFrameworks/DFRFoundation.framework/Versions/A/DFRFoundation
0x00007ff819da1000 	/usr/lib/libicucore.A.dylib
0x00007ff8252a9000 	/System/Library/Frameworks/AudioToolbox.framework/Versions/A/AudioToolbox
0x00007ff824590000 	/System/Library/PrivateFrameworks/DataDetectorsCore.framework/Versions/A/DataDetectorsCore
0x00007ff91feed000 	/System/Library/PrivateFrameworks/TextInput.framework/Versions/A/TextInput
0x00007ff81c91b000 	/usr/lib/libMobileGestalt.dylib
0x00007ff8206ca000 	/System/Library/Frameworks/Carbon.framework/Versions/A/Frameworks/HIToolbox.framework/Versions/A/HIToolbox
0x00007ff81eb3c000 	/System/Library/Frameworks/QuartzCore.framework/Versions/A/QuartzCore
0x00007ff819a41000 	/System/Library/Frameworks/Security.framework/Versions/A/Security
0x00007ff828622000 	/System/Library/Frameworks/Carbon.framework/Versions/A/Frameworks/SpeechRecognition.framework/Versions/A/SpeechRecognition
0x00007ff81ee6f000 	/System/Library/PrivateFrameworks/CoreUI.framework/Versions/A/CoreUI
0x00007ff819319000 	/System/Library/Frameworks/CoreAudio.framework/Versions/A/CoreAudio
0x00007ff81e494000 	/System/Library/Frameworks/DiskArbitration.framework/Versions/A/DiskArbitration
0x00007ff823d4b000 	/System/Library/PrivateFrameworks/MultitouchSupport.framework/Versions/A/MultitouchSupport
0x00007ff81c91a000 	/usr/lib/libenergytrace.dylib
0x00007ff81a39c000 	/System/Library/Frameworks/IOKit.framework/Versions/A/IOKit
0x00007ff828a0e000 	/System/Library/Frameworks/CoreServices.framework/Versions/A/CoreServices
0x00007ff81f0a9000 	/System/Library/PrivateFrameworks/PerformanceAnalysis.framework/Versions/A/PerformanceAnalysis
0x00007ffa2f5db000 	/System/Library/Frameworks/OpenGL.framework/Versions/A/OpenGL
0x00007ff821cc1000 	/System/Library/PrivateFrameworks/MobileKeyBag.framework/Versions/A/MobileKeyBag
0x00007ff817889000 	/usr/lib/libobjc.A.dylib
0x00007ff81d3f9000 	/System/Library/Frameworks/ColorSync.framework/Versions/A/ColorSync
0x00007ff817a42000 	/System/Library/Frameworks/CoreFoundation.framework/Versions/A/CoreFoundation
0x00007ff820c53000 	/System/Library/Frameworks/CoreImage.framework/Versions/A/CoreImage
0x00007ff81912f000 	/System/Library/Frameworks/CoreText.framework/Versions/A/CoreText
0x00007ff820a09000 	/System/Library/Frameworks/ImageIO.framework/Versions/A/ImageIO
0x00007ff82277a000 	/System/Library/PrivateFrameworks/SoftLinking.framework/Versions/A/SoftLinking
0x00007ff81f15a000 	/usr/lib/libxml2.2.dylib
0x00007ff81794f000 	/usr/lib/libc++.1.dylib
0x00007ff8229fe000 	/usr/lib/libcompression.dylib
0x00007ff8244ba000 	/System/Library/PrivateFrameworks/TextureIO.framework/Versions/A/TextureIO
0x00007ff8230f1000 	/usr/lib/libate.dylib
0x00007ff82276f000 	/usr/lib/system/libcache.dylib
0x00007ff82272b000 	/usr/lib/system/libcommonCrypto.dylib
0x00007ff822754000 	/usr/lib/system/libcompiler_rt.dylib
0x00007ff82274a000 	/usr/lib/system/libcopyfile.dylib
0x00007ff817783000 	/usr/lib/system/libcorecrypto.dylib
0x00007ff817842000 	/usr/lib/system/libdispatch.dylib
0x00007ff817a01000 	/usr/lib/system/libdyld.dylib
0x00007ff822766000 	/usr/lib/system/libkeymgr.dylib
0x00007ff822709000 	/usr/lib/system/libmacho.dylib
0x00007ff821d95000 	/usr/lib/system/libquarantine.dylib
0x00007ff822764000 	/usr/lib/system/libremovefile.dylib
0x00007ff81c967000 	/usr/lib/system/libsystem_asl.dylib
0x00007ff817731000 	/usr/lib/system/libsystem_blocks.dylib
0x00007ff8178c6000 	/usr/lib/system/libsystem_c.dylib
0x00007ff82275c000 	/usr/lib/system/libsystem_collections.dylib
0x00007ff82103d000 	/usr/lib/system/libsystem_configuration.dylib
0x00007ff8202fa000 	/usr/lib/system/libsystem_containermanager.dylib
0x00007ff822446000 	/usr/lib/system/libsystem_coreservices.dylib
0x00007ff81a02a000 	/usr/lib/system/libsystem_darwin.dylib
0x00007ff822767000 	/usr/lib/system/libsystem_dnssd.dylib
0x00007ff8178c3000 	/usr/lib/system/libsystem_featureflags.dylib
0x00007ff817a17000 	/usr/lib/system/libsystem_info.dylib
0x00007ff8226a7000 	/usr/lib/system/libsystem_m.dylib
0x00007ff817816000 	/usr/lib/system/libsystem_malloc.dylib
0x00007ff81c904000 	/usr/lib/system/libsystem_networkextension.dylib
0x00007ff81a452000 	/usr/lib/system/libsystem_notify.dylib
0x00007ff8288e3000 	/usr/lib/system/libsystem_product_info_filter.dylib
0x00007ff821041000 	/usr/lib/system/libsystem_sandbox.dylib
0x00007ff822761000 	/usr/lib/system/libsystem_secinit.dylib
0x00007ff8179be000 	/usr/lib/system/libsystem_kernel.dylib
0x00007ff817a0d000 	/usr/lib/system/libsystem_platform.dylib
0x00007ff8179f5000 	/usr/lib/system/libsystem_pthread.dylib
0x00007ff81e1bf000 	/usr/lib/system/libsystem_symptoms.dylib
0x00007ff81776a000 	/usr/lib/system/libsystem_trace.dylib
0x00007ff822737000 	/usr/lib/system/libunwind.dylib
0x00007ff817733000 	/usr/lib/system/libxpc.dylib
0x00007ff8179a8000 	/usr/lib/libc++abi.dylib
0x00007ff822742000 	/usr/lib/liboah.dylib
0x00007ff822ecf000 	/usr/lib/liblzma.5.dylib
0x00007ff8185d9000 	/System/Library/Frameworks/SystemConfiguration.framework/Versions/A/SystemConfiguration
0x00007ff822776000 	/usr/lib/libfakelink.dylib
0x00007ff81c46d000 	/System/Library/Frameworks/CFNetwork.framework/Versions/A/CFNetwork
0x00007ff8228b5000 	/usr/lib/libarchive.2.dylib
0x00007ff821048000 	/System/Library/PrivateFrameworks/AppleSystemInfo.framework/Versions/A/AppleSystemInfo
0x00007ff821dbc000 	/usr/lib/libbsm.0.dylib
0x00007ff81baa3000 	/usr/lib/libnetwork.dylib
0x00007ff82270f000 	/usr/lib/system/libkxld.dylib
0x00007ff8219ea000 	/System/Library/PrivateFrameworks/IOMobileFramebuffer.framework/Versions/A/IOMobileFramebuffer
0x00007ffb2d4e0000 	/usr/lib/libCoreEntitlements.dylib
0x00007ff822428000 	/System/Library/PrivateFrameworks/AppleFSCompression.framework/Versions/A/AppleFSCompression
0x00007ff821da4000 	/usr/lib/libcoretls.dylib
0x00007ff822ee9000 	/usr/lib/libcoretls_cfhelpers.dylib
0x00007ff8229f9000 	/usr/lib/libpam.2.dylib
0x00007ff81dde1000 	/usr/lib/libsqlite3.dylib
0x00007ff822f58000 	/usr/lib/libxar.1.dylib
0x00007ff822438000 	/usr/lib/libbz2.1.0.dylib
0x00007ff82277b000 	/usr/lib/libpcap.A.dylib
0x00007ff81e1b6000 	/usr/lib/libdns_services.dylib
0x00007ff8229c8000 	/usr/lib/libapple_nghttp2.dylib
0x00007ff8227b2000 	/usr/lib/libiconv.2.dylib
0x00007ff822708000 	/usr/lib/libcharset.1.dylib
0x00007ff81f0dd000 	/System/Library/Frameworks/CoreServices.framework/Versions/A/Frameworks/FSEvents.framework/Versions/A/FSEvents
0x00007ff81a034000 	/System/Library/Frameworks/CoreServices.framework/Versions/A/Frameworks/CarbonCore.framework/Versions/A/CarbonCore
0x00007ff81e3f9000 	/System/Library/Frameworks/CoreServices.framework/Versions/A/Frameworks/Metadata.framework/Versions/A/Metadata
0x00007ff82244b000 	/System/Library/Frameworks/CoreServices.framework/Versions/A/Frameworks/OSServices.framework/Versions/A/OSServices
0x00007ff82293c000 	/System/Library/Frameworks/CoreServices.framework/Versions/A/Frameworks/SearchKit.framework/Versions/A/SearchKit
0x00007ff81e148000 	/System/Library/Frameworks/CoreServices.framework/Versions/A/Frameworks/AE.framework/Versions/A/AE
0x00007ff817f45000 	/System/Library/Frameworks/CoreServices.framework/Versions/A/Frameworks/LaunchServices.framework/Versions/A/LaunchServices
0x00007ff822e80000 	/System/Library/Frameworks/CoreServices.framework/Versions/A/Frameworks/DictionaryServices.framework/Versions/A/DictionaryServices
0x00007ff81f0ea000 	/System/Library/Frameworks/CoreServices.framework/Versions/A/Frameworks/SharedFileList.framework/Versions/A/SharedFileList
0x00007ff821d98000 	/usr/lib/libCheckFix.dylib
0x00007ff81c97e000 	/System/Library/PrivateFrameworks/TCC.framework/Versions/A/TCC
0x00007ff82104e000 	/System/Library/PrivateFrameworks/CoreNLP.framework/Versions/A/CoreNLP
0x00007ff81e3a9000 	/System/Library/PrivateFrameworks/MetadataUtilities.framework/Versions/A/MetadataUtilities
0x00007ff818689000 	/usr/lib/libmecabra.dylib
0x00007ff821dcc000 	/usr/lib/libmecab.dylib
0x00007ff818654000 	/usr/lib/libCRFSuite.dylib
0x00007ff821e29000 	/usr/lib/libgermantok.dylib
0x00007ff8229a3000 	/usr/lib/libThaiTokenizer.dylib
0x00007ff81e49b000 	/System/Library/Frameworks/Accelerate.framework/Versions/A/Frameworks/vImage.framework/Versions/A/vImage
0x00007ff8289e5000 	/System/Library/Frameworks/Accelerate.framework/Versions/A/Frameworks/vecLib.framework/Versions/A/vecLib
0x00007ff822f99000 	/System/Library/Frameworks/Accelerate.framework/Versions/A/Frameworks/vecLib.framework/Versions/A/libvMisc.dylib
0x00007ff821808000 	/System/Library/Frameworks/Accelerate.framework/Versions/A/Frameworks/vecLib.framework/Versions/A/libvDSP.dylib
0x00007ff8182bd000 	/System/Library/Frameworks/Accelerate.framework/Versions/A/Frameworks/vecLib.framework/Versions/A/libBLAS.dylib
0x00007ff822ada000 	/System/Library/Frameworks/Accelerate.framework/Versions/A/Frameworks/vecLib.framework/Versions/A/libLAPACK.dylib
0x00007ff821e2c000 	/System/Library/Frameworks/Accelerate.framework/Versions/A/Frameworks/vecLib.framework/Versions/A/libLinearAlgebra.dylib
0x00007ff8229e1000 	/System/Library/Frameworks/Accelerate.framework/Versions/A/Frameworks/vecLib.framework/Versions/A/libSparseBLAS.dylib
0x00007ff822ad4000 	/System/Library/Frameworks/Accelerate.framework/Versions/A/Frameworks/vecLib.framework/Versions/A/libQuadrature.dylib
0x00007ff821138000 	/System/Library/Frameworks/Accelerate.framework/Versions/A/Frameworks/vecLib.framework/Versions/A/libBNNS.dylib
0x00007ff81856a000 	/System/Library/Frameworks/Accelerate.framework/Versions/A/Frameworks/vecLib.framework/Versions/A/libSparse.dylib
0x00007ff821131000 	/System/Library/PrivateFrameworks/LinguisticData.framework/Versions/A/LinguisticData
0x00007ff81851f000 	/System/Library/PrivateFrameworks/Lexicon.framework/Versions/A/Lexicon
0x00007ff822f92000 	/usr/lib/libChineseTokenizer.dylib
0x00007ff818c83000 	/System/Library/PrivateFrameworks/LanguageModeling.framework/Versions/A/LanguageModeling
0x00007ff8229a5000 	/System/Library/PrivateFrameworks/AppleSauce.framework/Versions/A/AppleSauce
0x00007ff8219d8000 	/System/Library/PrivateFrameworks/CoreEmoji.framework/Versions/A/CoreEmoji
0x00007ff8228a4000 	/usr/lib/libcmph.dylib
0x00007ff81f0c1000 	/System/Library/Frameworks/OpenDirectory.framework/Versions/A/Frameworks/CFOpenDirectory.framework/Versions/A/CFOpenDirectory
0x00007ff81f0b5000 	/System/Library/Frameworks/OpenDirectory.framework/Versions/A/OpenDirectory
0x00007ff822eeb000 	/System/Library/PrivateFrameworks/APFS.framework/Versions/A/APFS
0x00007ff821cf9000 	/System/Library/Frameworks/SecurityFoundation.framework/Versions/A/SecurityFoundation
0x00007ff822f66000 	/usr/lib/libutil.dylib
0x00007ff81a35f000 	/System/Library/PrivateFrameworks/CoreServicesStore.framework/Versions/A/CoreServicesStore
0x00007ff822f6a000 	/usr/lib/libxslt.1.dylib
0x00007ff821d86000 	/System/Library/PrivateFrameworks/BackgroundTaskManagement.framework/Versions/A/BackgroundTaskManagement
0x00007ff8243da000 	/System/Library/Frameworks/ImageIO.framework/Versions/A/Resources/libRadiance.dylib
0x00007ff8243e3000 	/System/Library/Frameworks/ImageIO.framework/Versions/A/Resources/libJPEG.dylib
0x00007ff824333000 	/System/Library/Frameworks/ImageIO.framework/Versions/A/Resources/libPng.dylib
0x00007ff824354000 	/System/Library/Frameworks/ImageIO.framework/Versions/A/Resources/libTIFF.dylib
0x00007ff824443000 	/System/Library/Frameworks/ImageIO.framework/Versions/A/Resources/libGIF.dylib
0x00007ff823c64000 	/System/Library/Frameworks/ImageIO.framework/Versions/A/Resources/libJP2.dylib
0x00007ff8233a6000 	/usr/lib/libexpat.1.dylib
0x00007ff823c19000 	/System/Library/PrivateFrameworks/AppleJPEG.framework/Versions/A/AppleJPEG
0x00007ff82058d000 	/System/Library/PrivateFrameworks/FontServices.framework/libFontParser.dylib
0x00007ff81e0f2000 	/System/Library/PrivateFrameworks/RunningBoardServices.framework/Versions/A/RunningBoardServices
0x00007ff82ebb7000 	/System/Library/PrivateFrameworks/IOSurfaceAccelerator.framework/Versions/A/IOSurfaceAccelerator
0x00007ff823d47000 	/System/Library/PrivateFrameworks/WatchdogClient.framework/Versions/A/WatchdogClient
0x00007ff818d72000 	/System/Library/Frameworks/CoreDisplay.framework/Versions/A/CoreDisplay
0x00007ff82048c000 	/System/Library/Frameworks/CoreMedia.framework/Versions/A/CoreMedia
0x00007ff820329000 	/System/Library/PrivateFrameworks/IOAccelerator.framework/Versions/A/IOAccelerator
0x00007ff81f23d000 	/System/Library/Frameworks/CoreVideo.framework/Versions/A/CoreVideo
0x00007ff8229f7000 	/System/Library/Frameworks/MetalPerformanceShaders.framework/Versions/A/MetalPerformanceShaders
0x00007ff823d82000 	/System/Library/Frameworks/VideoToolbox.framework/Versions/A/VideoToolbox
0x00007ff81e03a000 	/System/Library/PrivateFrameworks/BaseBoard.framework/Versions/A/BaseBoard
0x00007ff81ddc7000 	/System/Library/PrivateFrameworks/ProtocolBuffer.framework/Versions/A/ProtocolBuffer
0x00007ff8243d3000 	/System/Library/PrivateFrameworks/GPUWrangler.framework/Versions/A/GPUWrangler
0x00007ff8243b6000 	/System/Library/PrivateFrameworks/IOPresentment.framework/Versions/A/IOPresentment
0x00007ff8243dd000 	/System/Library/PrivateFrameworks/DSExternalDisplay.framework/Versions/A/DSExternalDisplay
0x00007ffa2f5cf000 	/System/Library/Frameworks/OpenGL.framework/Versions/A/Libraries/libCoreFSCache.dylib
0x00007ffb1b74e000 	/System/Library/PrivateFrameworks/GPUCompiler.framework/Versions/31001/Libraries/libGPUCompilerUtils.dylib
0x00007ff824448000 	/System/Library/PrivateFrameworks/CMCaptureCore.framework/Versions/A/CMCaptureCore
0x00007ff823952000 	/System/Library/PrivateFrameworks/AppServerSupport.framework/Versions/A/AppServerSupport
0x00007ff825b2e000 	/System/Library/PrivateFrameworks/perfdata.framework/Versions/A/perfdata
0x00007ff818e9e000 	/System/Library/PrivateFrameworks/AudioToolboxCore.framework/Versions/A/AudioToolboxCore
0x00007ff820469000 	/System/Library/PrivateFrameworks/caulk.framework/Versions/A/caulk
0x00007ff825452000 	/usr/lib/libAudioStatistics.dylib
0x00007ff91c77b000 	/System/Library/PrivateFrameworks/SystemPolicy.framework/Versions/A/SystemPolicy
0x00007ff8256a7000 	/usr/lib/libSMC.dylib
0x00007ff82e4f0000 	/System/Library/Frameworks/CoreMIDI.framework/Versions/A/CoreMIDI
0x00007ff824303000 	/usr/lib/libAudioToolboxUtility.dylib
0x00007ff918b89000 	/System/Library/PrivateFrameworks/OSAServicesClient.framework/Versions/A/OSAServicesClient
0x00007ff825b3b000 	/usr/lib/libperfcheck.dylib
0x00007ff91d20d000 	/usr/lib/libmis.dylib
0x00007ffa2f62b000 	/System/Library/Frameworks/OpenGL.framework/Versions/A/Libraries/libGLU.dylib
0x00007ffa2f5ee000 	/System/Library/Frameworks/OpenGL.framework/Versions/A/Libraries/libGFXShared.dylib
0x00007ffa2f7fc000 	/System/Library/Frameworks/OpenGL.framework/Versions/A/Libraries/libGL.dylib
0x00007ffa2f5f7000 	/System/Library/Frameworks/OpenGL.framework/Versions/A/Libraries/libGLImage.dylib
0x00007ffa2f5eb000 	/System/Library/Frameworks/OpenGL.framework/Versions/A/Libraries/libCVMSPluginSupport.dylib
0x00007ffa2f5d6000 	/System/Library/Frameworks/OpenGL.framework/Versions/A/Libraries/libCoreVMClient.dylib
0x00007ff820fcc000 	/System/Library/Frameworks/MetalPerformanceShaders.framework/Versions/A/Frameworks/MPSCore.framework/Versions/A/MPSCore
0x00007ff822393000 	/System/Library/Frameworks/MetalPerformanceShaders.framework/Versions/A/Frameworks/MPSImage.framework/Versions/A/MPSImage
0x00007ff821e42000 	/System/Library/Frameworks/MetalPerformanceShaders.framework/Versions/A/Frameworks/MPSNeuralNetwork.framework/Versions/A/MPSNeuralNetwork
0x00007ff8222b7000 	/System/Library/Frameworks/MetalPerformanceShaders.framework/Versions/A/Frameworks/MPSMatrix.framework/Versions/A/MPSMatrix
0x00007ff822073000 	/System/Library/Frameworks/MetalPerformanceShaders.framework/Versions/A/Frameworks/MPSRayIntersector.framework/Versions/A/MPSRayIntersector
0x00007ff8222f0000 	/System/Library/Frameworks/MetalPerformanceShaders.framework/Versions/A/Frameworks/MPSNDArray.framework/Versions/A/MPSNDArray
0x00007ffa341ee000 	/System/Library/Frameworks/MetalPerformanceShaders.framework/Versions/A/Frameworks/MPSFunctions.framework/Versions/A/MPSFunctions
0x00007ff8181a0000 	/System/Library/PrivateFrameworks/MetalTools.framework/Versions/A/MetalTools
0x00007ff821046000 	/System/Library/PrivateFrameworks/AggregateDictionary.framework/Versions/A/AggregateDictionary
0x00007ff823188000 	/usr/lib/libIOReport.dylib
0x00007ffa30c0b000 	/System/Library/Frameworks/OpenCL.framework/Versions/A/OpenCL
0x00007ff8234ec000 	/System/Library/PrivateFrameworks/FaceCore.framework/Versions/A/FaceCore
0x00007ff8234dd000 	/System/Library/PrivateFrameworks/GraphVisualizer.framework/Versions/A/GraphVisualizer
0x00007ffb1b659000 	/System/Library/PrivateFrameworks/FontServices.framework/Versions/A/FontServices
0x00007ff823909000 	/System/Library/PrivateFrameworks/OTSVG.framework/Versions/A/OTSVG
0x00007ff81ee25000 	/System/Library/Frameworks/ApplicationServices.framework/Versions/A/Frameworks/ATS.framework/Versions/A/Resources/libFontRegistry.dylib
0x00007ff82395a000 	/System/Library/PrivateFrameworks/FontServices.framework/libhvf.dylib
0x00007ffb1b65a000 	/System/Library/PrivateFrameworks/FontServices.framework/libXTFontStaticRegistryData.dylib
0x00007ff823356000 	/System/Library/PrivateFrameworks/AppleVA.framework/Versions/A/AppleVA
0x00007ff825476000 	/System/Library/Frameworks/ApplicationServices.framework/Versions/A/Frameworks/ATS.framework/Versions/A/ATS
0x00007ff81d4f5000 	/System/Library/Frameworks/ApplicationServices.framework/Versions/A/Frameworks/HIServices.framework/Versions/A/HIServices
0x00007ff824452000 	/System/Library/Frameworks/ApplicationServices.framework/Versions/A/Frameworks/PrintCore.framework/Versions/A/PrintCore
0x00007ff8257fa000 	/System/Library/Frameworks/ApplicationServices.framework/Versions/A/Frameworks/QD.framework/Versions/A/QD
0x00007ff8257f2000 	/System/Library/Frameworks/ApplicationServices.framework/Versions/A/Frameworks/ColorSyncLegacy.framework/Versions/A/ColorSyncLegacy
0x00007ff825466000 	/System/Library/Frameworks/ApplicationServices.framework/Versions/A/Frameworks/SpeechSynthesis.framework/Versions/A/SpeechSynthesis
0x00007ff824413000 	/System/Library/Frameworks/ApplicationServices.framework/Versions/A/Frameworks/ATSUI.framework/Versions/A/ATSUI
0x00007ff825787000 	/usr/lib/libcups.2.dylib
0x00007ff825b4a000 	/System/Library/Frameworks/Kerberos.framework/Versions/A/Kerberos
0x00007ff825b59000 	/System/Library/Frameworks/GSS.framework/Versions/A/GSS
0x00007ff8254e2000 	/usr/lib/libresolv.9.dylib
0x00007ff823969000 	/System/Library/PrivateFrameworks/Heimdal.framework/Versions/A/Heimdal
0x00007ff82c647000 	/System/Library/Frameworks/Kerberos.framework/Versions/A/Libraries/libHeimdalProxy.dylib
0x00007ff81e1c7000 	/System/Library/Frameworks/Network.framework/Versions/A/Network
0x00007ff8233c0000 	/usr/lib/libheimdal-asn1.dylib
0x00007ff825ba5000 	/System/Library/PrivateFrameworks/CommonAuth.framework/Versions/A/CommonAuth
0x00007ff8253e3000 	/System/Library/PrivateFrameworks/AudioSession.framework/Versions/A/AudioSession
0x00007ff823450000 	/System/Library/PrivateFrameworks/MediaExperience.framework/Versions/A/MediaExperience
0x00007ff825278000 	/System/Library/PrivateFrameworks/AudioSession.framework/libSessionUtility.dylib
0x00007ff825806000 	/System/Library/PrivateFrameworks/AudioResourceArbitration.framework/Versions/A/AudioResourceArbitration
0x00007ff8297f8000 	/System/Library/PrivateFrameworks/PowerLog.framework/Versions/A/PowerLog
0x00007ff8233c9000 	/System/Library/PrivateFrameworks/IconFoundation.framework/Versions/A/IconFoundation
0x00007ff828612000 	/System/Library/PrivateFrameworks/SpeechRecognitionCore.framework/Versions/A/SpeechRecognitionCore
0x000000010fac8000 	/Library/Java/JavaVirtualMachines/jdk1.8.0_181.jdk/Contents/Home/jre/lib/server/libjvm.dylib
0x00007ffb2df7a000 	/usr/lib/libstdc++.6.dylib
0x000000010eb57000 	/Library/Java/JavaVirtualMachines/jdk1.8.0_181.jdk/Contents/Home/jre/lib/libverify.dylib
0x000000010eb9b000 	/Library/Java/JavaVirtualMachines/jdk1.8.0_181.jdk/Contents/Home/jre/lib/libjava.dylib
0x000000010ebd1000 	/Library/Java/JavaVirtualMachines/jdk1.8.0_181.jdk/Contents/Home/jre/lib/libinstrument.dylib
0x000000010eb6e000 	/Library/Java/JavaVirtualMachines/jdk1.8.0_181.jdk/Contents/Home/jre/lib/libzip.dylib
0x0000000117207000 	/Library/Java/JavaVirtualMachines/jdk1.8.0_181.jdk/Contents/Home/jre/lib/libnet.dylib
0x0000000117293000 	/private/var/folders/1p/xwrg5h510zqg2k308xn9131c0000gn/T/libgdxjoshua/ccbdf3b/libgdx64.dylib
0x0000000117354000 	/Library/Java/JavaVirtualMachines/jdk1.8.0_181.jdk/Contents/Home/jre/lib/libawt.dylib
0x00000001174ca000 	/Library/Java/JavaVirtualMachines/jdk1.8.0_181.jdk/Contents/Home/jre/lib/libmlib_image.dylib
0x00007ffa34150000 	/System/Library/Frameworks/JavaNativeFoundation.framework/Versions/A/JavaNativeFoundation
0x00007ffa3415c000 	/System/Library/Frameworks/JavaRuntimeSupport.framework/Versions/A/JavaRuntimeSupport
0x00007ff91c2c4000 	/System/Library/Frameworks/Carbon.framework/Versions/A/Carbon
0x00007ff82aa73000 	/System/Library/PrivateFrameworks/CoreSymbolication.framework/Versions/A/CoreSymbolication
0x00007ff82ff0a000 	/System/Library/Frameworks/Carbon.framework/Versions/A/Frameworks/CommonPanels.framework/Versions/A/CommonPanels
0x00007ff82c04c000 	/System/Library/Frameworks/Carbon.framework/Versions/A/Frameworks/Help.framework/Versions/A/Help
0x00007ff82ff0e000 	/System/Library/Frameworks/Carbon.framework/Versions/A/Frameworks/ImageCapture.framework/Versions/A/ImageCapture
0x00007ff82fede000 	/System/Library/Frameworks/Carbon.framework/Versions/A/Frameworks/OpenScripting.framework/Versions/A/OpenScripting
0x00007ff82ff06000 	/System/Library/Frameworks/Carbon.framework/Versions/A/Frameworks/Ink.framework/Versions/A/Ink
0x00007ff91c2c0000 	/System/Library/Frameworks/Carbon.framework/Versions/A/Frameworks/Print.framework/Versions/A/Print
0x00007ff82ff02000 	/System/Library/Frameworks/Carbon.framework/Versions/A/Frameworks/SecurityHI.framework/Versions/A/SecurityHI
0x00007ff82aa38000 	/System/Library/PrivateFrameworks/DebugSymbols.framework/Versions/A/DebugSymbols
0x0000000117596000 	/Library/Java/JavaVirtualMachines/jdk1.8.0_181.jdk/Contents/Home/jre/lib/libawt_lwawt.dylib
0x000000011723a000 	/Library/Java/JavaVirtualMachines/jdk1.8.0_181.jdk/Contents/Home/jre/lib/libosxapp.dylib
0x00007ff91b6f9000 	/System/Library/Frameworks/ExceptionHandling.framework/Versions/A/ExceptionHandling
0x00007ff81a320000 	/System/Library/PrivateFrameworks/CoreServicesInternal.framework/Versions/A/CoreServicesInternal
0x00007ff829de9000 	/System/Library/Frameworks/FileProvider.framework/Versions/A/FileProvider
0x00007ff81dfa6000 	/System/Library/Frameworks/Accounts.framework/Versions/A/Accounts
0x00007ff829f61000 	/System/Library/PrivateFrameworks/GenerationalStorage.framework/Versions/A/GenerationalStorage
0x00007ff8297ed000 	/System/Library/PrivateFrameworks/SymptomDiagnosticReporter.framework/Versions/A/SymptomDiagnosticReporter
0x00007ff81b5e4000 	/System/Library/PrivateFrameworks/DesktopServicesPriv.framework/Versions/A/DesktopServicesPriv
0x00007ff81a461000 	/usr/lib/libsandbox.1.dylib
0x00007ff81f2bc000 	/System/Library/PrivateFrameworks/UserManagement.framework/Versions/A/UserManagement
0x00007ff8257e7000 	/System/Library/PrivateFrameworks/NetAuth.framework/Versions/A/NetAuth
0x00007ff8266d6000 	/System/Library/PrivateFrameworks/Sharing.framework/Versions/A/Sharing
0x00007ff81f28f000 	/System/Library/PrivateFrameworks/login.framework/Versions/A/Frameworks/loginsupport.framework/Versions/A/loginsupport
0x00007ff82bb79000 	/System/Library/PrivateFrameworks/Apple80211.framework/Versions/A/Apple80211
0x00007ff822478000 	/System/Library/PrivateFrameworks/AuthKit.framework/Versions/A/AuthKit
0x00007ff821ace000 	/System/Library/PrivateFrameworks/CoreUtils.framework/Versions/A/CoreUtils
0x00007ff8219f5000 	/System/Library/Frameworks/CoreWLAN.framework/Versions/A/CoreWLAN
0x00007ff826831000 	/System/Library/Frameworks/IOBluetooth.framework/Versions/A/IOBluetooth
0x00007ff82bbe1000 	/System/Library/PrivateFrameworks/CoreWiFi.framework/Versions/A/CoreWiFi
0x00007ff82a60d000 	/System/Library/PrivateFrameworks/FrontBoardServices.framework/Versions/A/FrontBoardServices
0x00007ff82a69f000 	/System/Library/PrivateFrameworks/BoardServices.framework/Versions/A/BoardServices
0x00007ff821ce8000 	/System/Library/PrivateFrameworks/AssertionServices.framework/Versions/A/AssertionServices
0x00007ff82bd65000 	/System/Library/PrivateFrameworks/BackBoardServices.framework/Versions/A/BackBoardServices
0x00007ff825c34000 	/System/Library/PrivateFrameworks/CorePhoneNumbers.framework/Versions/A/CorePhoneNumbers
0x00007ff82990a000 	/System/Library/PrivateFrameworks/DiskManagement.framework/Versions/A/DiskManagement
0x00007ff82981e000 	/System/Library/PrivateFrameworks/AppleIDAuthSupport.framework/Versions/A/AppleIDAuthSupport
0x00007ffa361a7000 	/System/Library/PrivateFrameworks/AAAFoundation.framework/Versions/A/AAAFoundation
0x00007ff825c15000 	/System/Library/PrivateFrameworks/KeychainCircle.framework/Versions/A/KeychainCircle
0x00007ff8298d6000 	/System/Library/PrivateFrameworks/MediaKit.framework/Versions/A/MediaKit
0x00007ff82982a000 	/System/Library/Frameworks/DiscRecording.framework/Versions/A/DiscRecording
0x00007ff8232ce000 	/usr/lib/libCoreStorage.dylib
0x00007ff82c054000 	/usr/lib/libcsfde.dylib
0x00007ff8268fe000 	/System/Library/PrivateFrameworks/ProtectedCloudStorage.framework/Versions/A/ProtectedCloudStorage
0x00007ff82c050000 	/System/Library/PrivateFrameworks/EFILogin.framework/Versions/A/EFILogin
0x00007ff829f87000 	/System/Library/PrivateFrameworks/OctagonTrust.framework/Versions/A/OctagonTrust
0x00007ffb1a97b000 	/System/Library/PrivateFrameworks/CoreUtilsExtras.framework/Versions/A/CoreUtilsExtras
0x00007ff829760000 	/System/Library/Frameworks/CoreBluetooth.framework/Versions/A/CoreBluetooth
0x00007ff82c6cc000 	/System/Library/Frameworks/AudioUnit.framework/Versions/A/AudioUnit
0x00007ff8232c6000 	/usr/lib/libMatch.1.dylib
0x00007ff923dc4000 	/System/Library/CoreServices/RawCamera.bundle/Contents/MacOS/RawCamera
0x00007ff825bb5000 	/System/Library/PrivateFrameworks/MobileAsset.framework/Versions/A/MobileAsset
0x00007ff82c6f3000 	/System/Library/PrivateFrameworks/StreamingZip.framework/Versions/A/StreamingZip
0x00007ffb17dc0000 	/System/Library/PrivateFrameworks/CMPhoto.framework/Versions/A/CMPhoto
0x00007ff82a90e000 	/System/Library/PrivateFrameworks/AppleVPA.framework/Versions/A/AppleVPA
0x00007ff82467a000 	/System/Library/Frameworks/MediaToolbox.framework/Versions/A/MediaToolbox
0x00007ff829db9000 	/System/Library/PrivateFrameworks/CoreAVCHD.framework/Versions/A/CoreAVCHD
0x00007ff828ca1000 	/System/Library/Frameworks/MediaAccessibility.framework/Versions/A/MediaAccessibility
0x00007ff829db5000 	/System/Library/PrivateFrameworks/Mangrove.framework/Versions/A/Mangrove
0x00007ff828cac000 	/System/Library/PrivateFrameworks/AlgosScoreFramework.framework/Versions/A/AlgosScoreFramework
0x00007ff8299fa000 	/System/Library/PrivateFrameworks/CoreAUC.framework/Versions/A/CoreAUC
0x00007ff921671000 	/System/Library/Frameworks/Accelerate.framework/Versions/A/Frameworks/vImage.framework/Versions/A/Libraries/libCGInterfaces.dylib
0x00000001199b7000 	/usr/lib/libobjc-trampolines.dylib
0x00007ff82ebbf000 	/System/Library/PrivateFrameworks/FamilyControls.framework/Versions/A/FamilyControls
0x00007ff82ebe3000 	/System/Library/PrivateFrameworks/CommerceKit.framework/Versions/A/Frameworks/CommerceCore.framework/Versions/A/CommerceCore
0x00007ff828cdd000 	/System/Library/PrivateFrameworks/SystemAdministration.framework/Versions/A/SystemAdministration
0x00007ff8268e5000 	/System/Library/PrivateFrameworks/AppContainer.framework/Versions/A/AppContainer
0x00007ff8268fa000 	/System/Library/PrivateFrameworks/SecCodeWrapper.framework/Versions/A/SecCodeWrapper
0x00007ff823190000 	/System/Library/PrivateFrameworks/CrashReporterSupport.framework/Versions/A/CrashReporterSupport
0x00007ff928f84000 	/System/Library/PrivateFrameworks/OSAnalytics.framework/Versions/A/OSAnalytics
0x00007ff933f1c000 	/System/Library/PrivateFrameworks/Symbolication.framework/Versions/A/Symbolication
0x00007ff91d1ea000 	/System/Library/PrivateFrameworks/MallocStackLogging.framework/Versions/A/MallocStackLogging
0x00007ff823a23000 	/System/Library/PrivateFrameworks/login.framework/Versions/A/login
0x00007ff8285de000 	/System/Library/Frameworks/DirectoryService.framework/Versions/A/DirectoryService
0x00007ff82bef2000 	/System/Library/PrivateFrameworks/DiskImages.framework/Versions/A/DiskImages
0x00007ff821d90000 	/System/Library/Frameworks/ServiceManagement.framework/Versions/A/ServiceManagement
0x00007ff82c0cc000 	/System/Library/PrivateFrameworks/LoginUIKit.framework/Versions/A/Frameworks/LoginUICore.framework/Versions/A/LoginUICore
0x00007ff823bd1000 	/usr/lib/libodfde.dylib
0x00007ff82c060000 	/usr/lib/libcurl.4.dylib
0x00007ff82bdbd000 	/usr/lib/libcrypto.44.dylib
0x00007ff82bec5000 	/usr/lib/libssl.46.dylib
0x00007ff82bd83000 	/System/Library/Frameworks/LDAP.framework/Versions/A/LDAP
0x00007ff82bdbb000 	/System/Library/PrivateFrameworks/TrustEvaluationAgent.framework/Versions/A/TrustEvaluationAgent
0x00007ff8254fb000 	/usr/lib/libsasl2.2.dylib
0x00007ff828cd1000 	/System/Library/PrivateFrameworks/CoreDaemon.framework/Versions/B/CoreDaemon
0x00007ff828ccc000 	/System/Library/PrivateFrameworks/AppleSRP.framework/Versions/A/AppleSRP
0x00007ff81efb5000 	/System/Library/PrivateFrameworks/ViewBridge.framework/Versions/A/ViewBridge
0x00007ff82a74c000 	/System/Library/PrivateFrameworks/ExtensionFoundation.framework/Versions/A/ExtensionFoundation
0x00007ff82328f000 	/System/Library/PrivateFrameworks/PlugInKit.framework/Versions/A/PlugInKit
0x00007ffa20d69000 	/System/Library/PrivateFrameworks/VoiceShortcutClient.framework/Versions/A/VoiceShortcutClient
0x00007ff82c0d4000 	/System/Library/PrivateFrameworks/AppSupport.framework/Versions/A/AppSupport
0x00007ff82c762000 	/System/Library/PrivateFrameworks/IntentsFoundation.framework/Versions/A/IntentsFoundation
0x00007ff822609000 	/System/Library/Frameworks/CoreSpotlight.framework/Versions/A/CoreSpotlight
0x00007ff82b4f6000 	/System/Library/PrivateFrameworks/CoreDuetContext.framework/Versions/A/CoreDuetContext
0x00007ff81b79c000 	/System/Library/PrivateFrameworks/CoreDuet.framework/Versions/A/CoreDuet
0x00007ff82b54d000 	/System/Library/Frameworks/Intents.framework/Versions/A/Intents
0x00007ff820258000 	/System/Library/Frameworks/CoreLocation.framework/Versions/A/CoreLocation
0x00007ff826bc4000 	/System/Library/PrivateFrameworks/GeoServices.framework/Versions/A/GeoServices
0x00007ff82524f000 	/System/Library/PrivateFrameworks/LocationSupport.framework/Versions/A/LocationSupport
0x00007ffb1be43000 	/System/Library/PrivateFrameworks/GeoServicesCore.framework/Versions/A/GeoServicesCore
0x00007ff918bc9000 	/System/Library/PrivateFrameworks/PhoneNumbers.framework/Versions/A/PhoneNumbers
0x00007ff82bfd9000 	/System/Library/PrivateFrameworks/RemoteServiceDiscovery.framework/Versions/A/RemoteServiceDiscovery
0x00007ff82a30b000 	/System/Library/Frameworks/CoreTelephony.framework/Versions/A/CoreTelephony
0x00007ff82d4d3000 	/System/Library/PrivateFrameworks/CoreDuetDebugLogging.framework/Versions/A/CoreDuetDebugLogging
0x00007ff81f292000 	/System/Library/PrivateFrameworks/ApplePushService.framework/Versions/A/ApplePushService
0x00007ff81f2e2000 	/System/Library/Frameworks/CloudKit.framework/Versions/A/CloudKit
0x00007ff82d4d6000 	/System/Library/PrivateFrameworks/CoreDuetDaemonProtocol.framework/Versions/A/CoreDuetDaemonProtocol
0x00007ff82ab33000 	/System/Library/PrivateFrameworks/Rapport.framework/Versions/A/Rapport
0x00007ff81e022000 	/System/Library/PrivateFrameworks/CommonUtilities.framework/Versions/A/CommonUtilities
0x00007ff825c3d000 	/usr/lib/libTelephonyUtilDynamic.dylib
0x00007ff823bd5000 	/System/Library/PrivateFrameworks/Bom.framework/Versions/A/Bom
0x00007ff82c77a000 	/System/Library/PrivateFrameworks/C2.framework/Versions/A/C2
0x00007ff82c772000 	/System/Library/Frameworks/PushKit.framework/Versions/A/PushKit
0x00007ff82ab29000 	/System/Library/PrivateFrameworks/CoreTime.framework/Versions/A/CoreTime
0x00007ff82e269000 	/System/Library/PrivateFrameworks/RTCReporting.framework/Versions/A/RTCReporting
0x00007ff91b62e000 	/System/Library/PrivateFrameworks/DeviceManagement.framework/Versions/A/DeviceManagement
0x00007ff91d004000 	/System/Library/PrivateFrameworks/Catalyst.framework/Versions/A/Catalyst
0x00007ff9272c9000 	/System/Library/PrivateFrameworks/Categories.framework/Versions/A/Categories
0x00007ff91e25c000 	/System/Library/PrivateFrameworks/ContextKit.framework/Versions/A/ContextKit
0x00007ffb184c2000 	/System/Library/PrivateFrameworks/ContextKitCore.framework/Versions/A/ContextKitCore
0x0000000129fc8000 	/Library/Java/JavaVirtualMachines/jdk1.8.0_181.jdk/Contents/Home/jre/lib/libfontmanager.dylib
0x000000012a0b1000 	/private/var/folders/1p/xwrg5h510zqg2k308xn9131c0000gn/T/libgdxjoshua/f7649394/liblwjgl.dylib
0x0000000119988000 	/Library/Java/JavaVirtualMachines/jdk1.8.0_181.jdk/Contents/Home/jre/lib/libjawt.dylib
0x0000000129f61000 	/private/var/folders/1p/xwrg5h510zqg2k308xn9131c0000gn/T/libgdxjoshua/f7649394/openal.dylib
0x000000012a41a000 	/System/Library/Components/CoreAudio.component/Contents/MacOS/CoreAudio
0x0000000119ba5000 	/System/Library/Extensions/AppleHDA.kext/Contents/PlugIns/AppleHDAHALPlugIn.bundle/Contents/MacOS/AppleHDAHALPlugIn
0x00007ffa2f807000 	/System/Library/Frameworks/OpenGL.framework/Versions/A/Resources/GLEngine.bundle/GLEngine
0x00007ffa2f669000 	/System/Library/Frameworks/OpenGL.framework/Versions/A/Libraries/libGLProgrammability.dylib
0x00007ffa23a32000 	/System/Library/Extensions/AppleIntelKBLGraphicsGLDriver.bundle/Contents/MacOS/AppleIntelKBLGraphicsGLDriver
0x00007ff9270f1000 	/System/Library/PrivateFrameworks/GPUSupport.framework/Versions/A/Libraries/libGPUSupportMercury.dylib
0x00007ffa2f996000 	/System/Library/Frameworks/OpenGL.framework/Versions/A/Resources/GLRendererFloat.bundle/GLRendererFloat

VM Arguments:
jvm_args: -javaagent:/Users/joshua/Library/Application Support/JetBrains/Toolbox/apps/IDEA-U/ch-0/212.4746.92/IntelliJ IDEA.app/Contents/lib/idea_rt.jar=63829:/Users/joshua/Library/Application Support/JetBrains/Toolbox/apps/IDEA-U/ch-0/212.4746.92/IntelliJ IDEA.app/Contents/bin -Dfile.encoding=UTF-8 
java_command: com.mygdx.pirategame.desktop.DesktopLauncher
java_class_path (initial): /Library/Java/JavaVirtualMachines/jdk1.8.0_181.jdk/Contents/Home/jre/lib/charsets.jar:/Library/Java/JavaVirtualMachines/jdk1.8.0_181.jdk/Contents/Home/jre/lib/deploy.jar:/Library/Java/JavaVirtualMachines/jdk1.8.0_181.jdk/Contents/Home/jre/lib/ext/cldrdata.jar:/Library/Java/JavaVirtualMachines/jdk1.8.0_181.jdk/Contents/Home/jre/lib/ext/dnsns.jar:/Library/Java/JavaVirtualMachines/jdk1.8.0_181.jdk/Contents/Home/jre/lib/ext/jaccess.jar:/Library/Java/JavaVirtualMachines/jdk1.8.0_181.jdk/Contents/Home/jre/lib/ext/jfxrt.jar:/Library/Java/JavaVirtualMachines/jdk1.8.0_181.jdk/Contents/Home/jre/lib/ext/localedata.jar:/Library/Java/JavaVirtualMachines/jdk1.8.0_181.jdk/Contents/Home/jre/lib/ext/nashorn.jar:/Library/Java/JavaVirtualMachines/jdk1.8.0_181.jdk/Contents/Home/jre/lib/ext/sunec.jar:/Library/Java/JavaVirtualMachines/jdk1.8.0_181.jdk/Contents/Home/jre/lib/ext/sunjce_provider.jar:/Library/Java/JavaVirtualMachines/jdk1.8.0_181.jdk/Contents/Home/jre/lib/ext/sunpkcs11.jar:/Library/Java/JavaVirtualMachines/jdk1.8.0_181.jdk/Contents/Home/jre/lib/ext/zipfs.jar:/Library/Java/JavaVirtualMachines/jdk1.8.0_181.jdk/Contents/Home/jre/lib/javaws.jar:/Library/Java/JavaVirtualMachines/jdk1.8.0_181.jdk/Contents/Home/jre/lib/jce.jar:/Library/Java/JavaVirtualMachines/jdk1.8.0_181.jdk/Contents/Home/jre/lib/jfr.jar:/Library/Java/JavaVirtualMachines/jdk1.8.0_181.jdk/Contents/Home/jre/lib/jfxswt.jar:/Library/Java/JavaVirtualMachines/jdk1.8.0_181.jdk/Contents/Home/jre/lib/jsse.jar:/Library/Java/JavaVirtualMachines/jdk1.8.0_181.jdk/Contents/Home/jre/lib/management-agent.jar:/Library/Java/JavaVirtualMachines/jdk1.8.0_181.jdk/Contents/Home/jre/lib/plugin.jar:/Library/Java/JavaVirtualMachines/jdk1.8.0_181.jdk/Contents/Home/jre/lib/resources.jar:/Library/Java/JavaVirtualMachines/jdk1.8.0_181.jdk/Contents/Home/jre/lib/rt.jar:/Library/Java/JavaVirtualMachines/jdk1.8.0_181.jdk/Contents/Home/lib/ant-javafx.jar:/Library/Java/JavaVirtualMachines/jdk1.8.0_181.jdk/Contents/Home
Launcher Type: SUN_STANDARD

Environment Variables:
JAVA_HOME=/Library/Java/JavaVirtualMachines/jdk1.8.0_181.jdk/Contents/Home
PATH=/usr/local/bin:/usr/bin:/bin:/usr/sbin:/sbin:/usr/local/go/bin:/Applications/Little Snitch.app/Contents/Components
SHELL=/bin/bash

Signal Handlers:
SIGSEGV: [libjvm.dylib+0x5b6029], sa_mask[0]=11111111011111110111111111111111, sa_flags=SA_ONSTACK|SA_RESTART|SA_SIGINFO
SIGBUS: [libjvm.dylib+0x5b6029], sa_mask[0]=11111111011111110111111111111111, sa_flags=SA_RESTART|SA_SIGINFO
SIGFPE: [libjvm.dylib+0x48b934], sa_mask[0]=11111111011111110111111111111111, sa_flags=SA_RESTART|SA_SIGINFO
SIGPIPE: [libjvm.dylib+0x48b934], sa_mask[0]=11111111011111110111111111111111, sa_flags=SA_RESTART|SA_SIGINFO
SIGXFSZ: [libjvm.dylib+0x48b934], sa_mask[0]=11111111011111110111111111111111, sa_flags=SA_RESTART|SA_SIGINFO
SIGILL: [libjvm.dylib+0x48b934], sa_mask[0]=11111111011111110111111111111111, sa_flags=SA_RESTART|SA_SIGINFO
SIGUSR1: SIG_DFL, sa_mask[0]=00000000000000000000000000000000, sa_flags=none
SIGUSR2: [libjvm.dylib+0x48b452], sa_mask[0]=00100000000000000000000000000000, sa_flags=SA_RESTART|SA_SIGINFO
SIGHUP: [libjvm.dylib+0x489a1d], sa_mask[0]=11111111011111110111111111111111, sa_flags=SA_RESTART|SA_SIGINFO
SIGINT: [libjvm.dylib+0x489a1d], sa_mask[0]=11111111011111110111111111111111, sa_flags=SA_RESTART|SA_SIGINFO
SIGTERM: [libjvm.dylib+0x489a1d], sa_mask[0]=11111111011111110111111111111111, sa_flags=SA_RESTART|SA_SIGINFO
SIGQUIT: [libjvm.dylib+0x489a1d], sa_mask[0]=11111111011111110111111111111111, sa_flags=SA_RESTART|SA_SIGINFO


---------------  S Y S T E M  ---------------

OS:Bsduname:Darwin 21.3.0 Darwin Kernel Version 21.3.0: Mon Jan  3 23:49:26 PST 2022; root:xnu-8019.80.24~15/RELEASE_X86_64 x86_64
rlimit: STACK 8192k, CORE 0k, NPROC 1392, NOFILE 10240, AS infinity
load average:4.04 4.03 4.45

CPU:total 4 (initial active 4) (2 cores per cpu, 2 threads per core) family 6 model 142 stepping 9, cmov, cx8, fxsr, mmx, sse, sse2, sse3, ssse3, sse4.1, sse4.2, popcnt, avx, avx2, aes, clmul, erms, 3dnowpref, lzcnt, ht, tsc, tscinvbit, bmi1, bmi2, adx

Memory: 4k page, physical 8388608k(31084k free)

/proc/meminfo:


vm_info: Java HotSpot(TM) 64-Bit Server VM (25.181-b13) for bsd-amd64 JRE (1.8.0_181-b13), built on Jul  7 2018 01:02:31 by "java_re" with gcc 4.2.1 (Based on Apple Inc. build 5658) (LLVM build 2336.11.00)

time: Fri Mar 25 21:20:13 2022
elapsed time: 1 seconds (0d 0h 0m 1s)

